#
# There is insufficient memory for the Java Runtime Environment to continue.
# Native memory allocation (mmap) failed to map 268435456 bytes for G1 virtual space
# Possible reasons:
#   The system is out of physical RAM or swap space
#   The process is running with CompressedOops enabled, and the Java Heap may be blocking the growth of the native heap
# Possible solutions:
#   Reduce memory load on the system
#   Increase physical memory or swap space
#   Check if swap backing store is full
#   Decrease Java heap size (-Xmx/-Xms)
#   Decrease number of Java threads
#   Decrease Java thread stack sizes (-Xss)
#   Set larger code cache with -XX:ReservedCodeCacheSize=
#   JVM is running with Zero Based Compressed Oops mode in which the Java heap is
#     placed in the first 32GB address space. The Java Heap base address is the
#     maximum limit for the native heap growth. Please use -XX:HeapBaseMinAddress
#     to set the Java Heap base and to place the Java Heap above 32GB virtual address.
# This output file may be truncated or incomplete.
#
#  Out of Memory Error (os_windows.cpp:3825), pid=864, tid=25192
#
# JRE version:  (17.0.9+7) (build )
# Java VM: OpenJDK 64-Bit Server VM (17.0.9+7-b1087.11, mixed mode, sharing, tiered, compressed oops, compressed class ptrs, g1 gc, windows-amd64)
# No core dump will be written. Minidumps are not enabled by default on client versions of Windows
#

---------------  S U M M A R Y ------------

Command Line: git4idea.http.GitAskPassApp Username for 'https://github.com':

Host: Intel(R) Core(TM) i5-7400 CPU @ 3.00GHz, 4 cores, 15G,  Windows 10 , 64 bit Build 19041 (10.0.19041.4717)
Time: Sun Sep  1 21:41:00 2024 Georgian Standard Time elapsed time: 0.011505 seconds (0d 0h 0m 0s)

---------------  T H R E A D  ---------------

Current thread (0x000002172156cbe0):  JavaThread "Unknown thread" [_thread_in_vm, id=25192, stack(0x00000092b4300000,0x00000092b4400000)]

Stack: [0x00000092b4300000,0x00000092b4400000]
Native frames: (J=compiled Java code, j=interpreted, Vv=VM code, C=native code)
V  [jvm.dll+0x688349]
V  [jvm.dll+0x841bfa]
V  [jvm.dll+0x84383e]
V  [jvm.dll+0x843ea3]
V  [jvm.dll+0x24bdef]
V  [jvm.dll+0x6850f9]
V  [jvm.dll+0x67988a]
V  [jvm.dll+0x30cbfb]
V  [jvm.dll+0x3140a6]
V  [jvm.dll+0x363ede]
V  [jvm.dll+0x36410f]
V  [jvm.dll+0x2e29c8]
V  [jvm.dll+0x2e3934]
V  [jvm.dll+0x812771]
V  [jvm.dll+0x371d41]
V  [jvm.dll+0x7f12bc]
V  [jvm.dll+0x3f59cf]
V  [jvm.dll+0x3f7601]
C  [jli.dll+0x528f]
C  [ucrtbase.dll+0x21bb2]
C  [KERNEL32.DLL+0x17374]
C  [ntdll.dll+0x4cc91]


---------------  P R O C E S S  ---------------

Threads class SMR info:
_java_thread_list=0x00007ffdac9edf18, length=0, elements={
}

Java Threads: ( => current thread )

Other Threads:
  0x000002172177c4e0 GCTaskThread "GC Thread#0" [stack: 0x00000092b4400000,0x00000092b4500000] [id=12736]
  0x000002172178d380 ConcurrentGCThread "G1 Main Marker" [stack: 0x00000092b4500000,0x00000092b4600000] [id=25116]
  0x000002172178f550 ConcurrentGCThread "G1 Conc#0" [stack: 0x00000092b4600000,0x00000092b4700000] [id=18284]

[error occurred during error reporting (printing all threads), id 0xc0000005, EXCEPTION_ACCESS_VIOLATION (0xc0000005) at pc=0x00007ffdac1a3597]

VM state: not at safepoint (not fully initialized)

VM Mutex/Monitor currently owned by a thread:  ([mutex/lock_event])
[0x00000217217112f0] Heap_lock - owner thread: 0x000002172156cbe0

Heap address: 0x0000000700a00000, size: 4086 MB, Compressed Oops mode: Zero based, Oop shift amount: 3

CDS archive(s) mapped at: [0x0000000000000000-0x0000000000000000-0x0000000000000000), size 0, SharedBaseAddress: 0x0000000800000000, ArchiveRelocationMode: 1.
Narrow klass base: 0x0000000000000000, Narrow klass shift: 0, Narrow klass range: 0x0

GC Precious Log:
<Empty>

Heap:
 garbage-first heap   total 0K, used 0K [0x0000000700a00000, 0x0000000800000000)
  region size 2048K, 0 young (0K), 0 survivors (0K)
 Metaspace       used 0K, committed 0K, reserved 0K
  class space    used 0K, committed 0K, reserved 0K

Heap Regions: E=young(eden), S=young(survivor), O=old, HS=humongous(starts), HC=humongous(continues), CS=collection set, F=free, OA=open archive, CA=closed archive, TAMS=top-at-mark-start (previous, next)

Card table byte_map: [0x0000021736490000,0x0000021736c90000] _byte_map_base: 0x0000021732c8b000

Marking Bits (Prev, Next): (CMBitMap*) 0x000002172177cb00, (CMBitMap*) 0x000002172177cb40
 Prev Bits: [0x0000021737490000, 0x000002173b468000)
 Next Bits: [0x000002173b470000, 0x000002173f448000)

GC Heap History (0 events):
No events

Dll operation events (1 events):
Event: 0.006 Loaded shared library C:\Program Files\JetBrains\WebStorm 2023.2\jbr\bin\java.dll

Deoptimization events (0 events):
No events

Classes unloaded (0 events):
No events

Classes redefined (0 events):
No events

Internal exceptions (0 events):
No events

VM Operations (0 events):
No events

Events (0 events):
No events


Dynamic libraries:
0x00007ff7cc280000 - 0x00007ff7cc28a000 	C:\Program Files\JetBrains\WebStorm 2023.2\jbr\bin\java.exe
0x00007ffe003f0000 - 0x00007ffe005e8000 	C:\Windows\SYSTEM32\ntdll.dll
0x00007ffdfeef0000 - 0x00007ffdfefb1000 	C:\Windows\System32\KERNEL32.DLL
0x00007ffdfdf10000 - 0x00007ffdfe20d000 	C:\Windows\System32\KERNELBASE.dll
0x00007ffdfde10000 - 0x00007ffdfdf10000 	C:\Windows\System32\ucrtbase.dll
0x00007ffdf1d90000 - 0x00007ffdf1da7000 	C:\Program Files\JetBrains\WebStorm 2023.2\jbr\bin\jli.dll
0x00007ffddc2c0000 - 0x00007ffddc2db000 	C:\Program Files\JetBrains\WebStorm 2023.2\jbr\bin\VCRUNTIME140.dll
0x00007ffdfffb0000 - 0x00007ffe0014d000 	C:\Windows\System32\USER32.dll
0x00007ffdf2b70000 - 0x00007ffdf2e0a000 	C:\Windows\WinSxS\amd64_microsoft.windows.common-controls_6595b64144ccf1df_6.0.19041.4355_none_60b8b9eb71f62e16\COMCTL32.dll
0x00007ffdffeb0000 - 0x00007ffdfff4e000 	C:\Windows\System32\msvcrt.dll
0x00007ffdfdd00000 - 0x00007ffdfdd22000 	C:\Windows\System32\win32u.dll
0x00007ffdff350000 - 0x00007ffdff37b000 	C:\Windows\System32\GDI32.dll
0x00007ffdfe300000 - 0x00007ffdfe417000 	C:\Windows\System32\gdi32full.dll
0x00007ffdfe260000 - 0x00007ffdfe2fd000 	C:\Windows\System32\msvcp_win.dll
0x00007ffdfefe0000 - 0x00007ffdff00f000 	C:\Windows\System32\IMM32.DLL
0x00007ffdf54d0000 - 0x00007ffdf54dc000 	C:\Program Files\JetBrains\WebStorm 2023.2\jbr\bin\vcruntime140_1.dll
0x00007ffdb4f40000 - 0x00007ffdb4fcd000 	C:\Program Files\JetBrains\WebStorm 2023.2\jbr\bin\msvcp140.dll
0x00007ffdabeb0000 - 0x00007ffdacb32000 	C:\Program Files\JetBrains\WebStorm 2023.2\jbr\bin\server\jvm.dll
0x00007ffdffd50000 - 0x00007ffdffe00000 	C:\Windows\System32\ADVAPI32.dll
0x00007ffdff010000 - 0x00007ffdff0b0000 	C:\Windows\System32\sechost.dll
0x00007ffe00280000 - 0x00007ffe003a3000 	C:\Windows\System32\RPCRT4.dll
0x00007ffdfdde0000 - 0x00007ffdfde07000 	C:\Windows\System32\bcrypt.dll
0x00007ffdfd470000 - 0x00007ffdfd4bb000 	C:\Windows\SYSTEM32\POWRPROF.dll
0x00007ffdfaa90000 - 0x00007ffdfaa99000 	C:\Windows\SYSTEM32\WSOCK32.dll
0x00007ffdf3910000 - 0x00007ffdf3937000 	C:\Windows\SYSTEM32\WINMM.dll
0x00007ffdff380000 - 0x00007ffdff3eb000 	C:\Windows\System32\WS2_32.dll
0x00007ffdf7560000 - 0x00007ffdf756a000 	C:\Windows\SYSTEM32\VERSION.dll
0x00007ffdfd450000 - 0x00007ffdfd462000 	C:\Windows\SYSTEM32\UMPDC.dll
0x00007ffdfb940000 - 0x00007ffdfb952000 	C:\Windows\SYSTEM32\kernel.appcore.dll
0x00007ffdfa8a0000 - 0x00007ffdfa8aa000 	C:\Program Files\JetBrains\WebStorm 2023.2\jbr\bin\jimage.dll
0x00007ffdf2fd0000 - 0x00007ffdf31b4000 	C:\Windows\SYSTEM32\DBGHELP.DLL
0x00007ffdf2700000 - 0x00007ffdf2734000 	C:\Windows\SYSTEM32\dbgcore.DLL
0x00007ffdfdc70000 - 0x00007ffdfdcf2000 	C:\Windows\System32\bcryptPrimitives.dll
0x00007ffdf89c0000 - 0x00007ffdf89e5000 	C:\Program Files\JetBrains\WebStorm 2023.2\jbr\bin\java.dll

dbghelp: loaded successfully - version: 4.0.5 - missing functions: none
symbol engine: initialized successfully - sym options: 0x614 - pdb path: .;C:\Program Files\JetBrains\WebStorm 2023.2\jbr\bin;C:\Windows\SYSTEM32;C:\Windows\WinSxS\amd64_microsoft.windows.common-controls_6595b64144ccf1df_6.0.19041.4355_none_60b8b9eb71f62e16;C:\Program Files\JetBrains\WebStorm 2023.2\jbr\bin\server

VM Arguments:
java_command: git4idea.http.GitAskPassApp Username for 'https://github.com':
java_class_path (initial): C:/Program Files/JetBrains/WebStorm 2023.2/plugins/vcs-git/lib/git4idea-rt.jar;C:/Program Files/JetBrains/WebStorm 2023.2/lib/externalProcess-rt.jar
Launcher Type: SUN_STANDARD

[Global flags]
     intx CICompilerCount                          = 3                                         {product} {ergonomic}
     uint ConcGCThreads                            = 1                                         {product} {ergonomic}
     uint G1ConcRefinementThreads                  = 4                                         {product} {ergonomic}
   size_t G1HeapRegionSize                         = 2097152                                   {product} {ergonomic}
    uintx GCDrainStackTargetSize                   = 64                                        {product} {ergonomic}
   size_t InitialHeapSize                          = 268435456                                 {product} {ergonomic}
   size_t MarkStackSize                            = 4194304                                   {product} {ergonomic}
   size_t MaxHeapSize                              = 4284481536                                {product} {ergonomic}
   size_t MinHeapDeltaBytes                        = 2097152                                   {product} {ergonomic}
   size_t MinHeapSize                              = 8388608                                   {product} {ergonomic}
    uintx NonNMethodCodeHeapSize                   = 5832780                                {pd product} {ergonomic}
    uintx NonProfiledCodeHeapSize                  = 122912730                              {pd product} {ergonomic}
    uintx ProfiledCodeHeapSize                     = 122912730                              {pd product} {ergonomic}
    uintx ReservedCodeCacheSize                    = 251658240                              {pd product} {ergonomic}
     bool SegmentedCodeCache                       = true                                      {product} {ergonomic}
   size_t SoftMaxHeapSize                          = 4284481536                             {manageable} {ergonomic}
     bool UseCompressedClassPointers               = true                           {product lp64_product} {ergonomic}
     bool UseCompressedOops                        = true                           {product lp64_product} {ergonomic}
     bool UseG1GC                                  = true                                      {product} {ergonomic}
     bool UseLargePagesIndividualAllocation        = false                                  {pd product} {ergonomic}

Logging:
Log output configuration:
 #0: stdout all=warning uptime,level,tags
 #1: stderr all=off uptime,level,tags

Environment Variables:
JAVA_HOME=C:\Program Files\Java\jdk-17
PATH=C:\Program Files\Git\mingw64\libexec\git-core;C:\Program Files\Git\mingw64\libexec\git-core;C:\Program Files\Git\mingw64\bin;C:\Program Files\Git\usr\bin;C:\Users\Ghost\bin;C:\Program Files\Common Files\Oracle\Java\javapath;C:\Python311\Scripts;C:\Python311;C:\Windows\system32;C:\Windows;C:\Windows\System32\Wbem;C:\Windows\System32\WindowsPowerShell\v1.0;C:\Windows\System32\OpenSSH;C:\Program Files\NVIDIA Corporation\NVIDIA NvDLISR;C:\Program Files (x86)\NVIDIA Corporation\PhysX\Common;C:\Program Files\Git\cmd;C:\ProgramData\chocolatey\bin;C:\Program Files\nodejs;C:\Users\Ghost\AppData\Local\Microsoft\WindowsApps;C:\Users\Ghost\AppData\Local\Programs\Microsoft VS Code\bin;C:\Program Files\JetBrains\WebStorm 2023.2\bin;C:\Users\Ghost\AppData\Roaming\npm
USERNAME=Ghost
DISPLAY=:0.0
LC_ALL=en_US.UTF-8
TERM=xterm-256color
TMPDIR=C:\Users\Ghost\AppData\Local\Temp
OS=Windows_NT
PROCESSOR_IDENTIFIER=Intel64 Family 6 Model 158 Stepping 9, GenuineIntel
TMP=C:\Users\Ghost\AppData\Local\Temp
TEMP=C:\Users\Ghost\AppData\Local\Temp



Periodic native trim disabled

JNI global refs:
JNI global refs: 0, weak refs: 0

JNI global refs memory usage: 0, weak refs: 0

OOME stack traces (most recent first):
Classloader memory used:


---------------  S Y S T E M  ---------------

OS:
 Windows 10 , 64 bit Build 19041 (10.0.19041.4717)
OS uptime: 2 days 4:07 hours

CPU: total 4 (initial active 4) (4 cores per cpu, 1 threads per core) family 6 model 158 stepping 9 microcode 0xb4, cx8, cmov, fxsr, mmx, 3dnowpref, sse, sse2, sse3, ssse3, sse4.1, sse4.2, popcnt, lzcnt, tsc, tscinvbit, avx, avx2, aes, erms, clmul, bmi1, bmi2, adx, fma, vzeroupper, clflush, clflushopt
Processor Information for all 4 processors :
  Max Mhz: 3001, Current Mhz: 3001, Mhz Limit: 3001

Memory: 4k page, system-wide physical 16340M (3470M free)
TotalPageFile size 18388M (AvailPageFile size 88M)
current process WorkingSet (physical memory assigned to process): 11M, peak: 11M
current process commit charge ("private bytes"): 52M, peak: 307M

vm_info: OpenJDK 64-Bit Server VM (17.0.9+7-b1087.11) for windows-amd64 JRE (17.0.9+7-b1087.11), built on 2024-01-05 by "builduser" with MS VC++ 16.10 / 16.11 (VS2019)

END.
